
> backend@1.0.0 dev
> nodemon server.js

[33m[nodemon] 3.1.11[39m
[33m[nodemon] to restart at any time, enter `rs`[39m
[33m[nodemon] watching path(s): *.*[39m
[33m[nodemon] watching extensions: js,mjs,cjs,json[39m
[32m[nodemon] starting `node server.js`[39m
[dotenv@17.2.3] injecting env (24) from .env -- tip: 🔐 encrypt with Dotenvx: https://dotenvx.com
DataIngestionService initialized
EventProcessor initialized
AgentBus initialized
[AuditorAgent] Agent initialized
[MechanicAgent] Agent initialized
[TrafficAgent] Agent initialized
[LogisticsAgent] Agent initialized
[EnergyAgent] Agent initialized
[SupervisorAgent] Agent initialized
SupervisorAgent initialized - Ready to orchestrate agents
[dotenv@17.2.3] injecting env (0) from .env -- tip: 🗂️ backup and recover secrets: https://dotenvx.com/ops
Initializing blockchain service...
Initializing blockchain connection...
(node:25327) [MONGOOSE] Warning: Duplicate schema index on {"endpoint":1} found. This is often due to declaring an index using both "index: true" and "schema.index()". Please remove the duplicate index definition.
(Use `node --trace-warnings ...` to show where the warning was created)
(node:25327) [MONGOOSE] Warning: Duplicate schema index on {"notificationId":1} found. This is often due to declaring an index using both "index: true" and "schema.index()". Please remove the duplicate index definition.
(node:25327) [MONGOOSE] Warning: Duplicate schema index on {"timestamp":1} found. This is often due to declaring an index using both "index: true" and "schema.index()". Please remove the duplicate index definition.
(node:25327) [MONGOOSE] Warning: Duplicate schema index on {"profile.email":1} found. This is often due to declaring an index using both "index: true" and "schema.index()". Please remove the duplicate index definition.
(node:25327) [MONGOOSE] Warning: Duplicate schema index on {"profile.phone":1} found. This is often due to declaring an index using both "index: true" and "schema.index()". Please remove the duplicate index definition.
(node:25327) [MONGOOSE] Warning: Duplicate schema index on {"vehicle.registrationNumber":1} found. This is often due to declaring an index using both "index: true" and "schema.index()". Please remove the duplicate index definition.
Blockchain initialization failed: Error: connect ECONNREFUSED 127.0.0.1:8545
    at TCPConnectWrap.afterConnect [as oncomplete] (node:net:1637:16) {
  errno: -61,
  code: 'ECONNREFUSED',
  syscall: 'connect',
  address: '127.0.0.1',
  port: 8545
}
BlockchainService initialization failed: connect ECONNREFUSED 127.0.0.1:8545
Blockchain service failed to initialize: connect ECONNREFUSED 127.0.0.1:8545
Continuing without blockchain - audit logs will be database-only
EventProcessor started
Event Processor started - Ready to process live data!
SupervisorAgent loaded successfully
AgentBus started - listening for agent events
Agent Bus started - Ready to coordinate agents!
Server is running on port 5001
Redis connected
AgentBus subscribed to 1 channel(s)
MongoDB connected
Mailer connection failed: Error: Invalid login: 535-5.7.8 Username and Password not accepted. For more information, go to
535 5.7.8  https://support.google.com/mail/?p=BadCredentials d9443c01a7336-2a88b4c3db4sm80474195ad.50 - gsmtp
    at SMTPConnection._formatError (/Users/varunchauhan/projects/VOLTIX/backend/node_modules/nodemailer/lib/smtp-connection/index.js:809:19)
    at SMTPConnection._actionAUTHComplete (/Users/varunchauhan/projects/VOLTIX/backend/node_modules/nodemailer/lib/smtp-connection/index.js:1617:34)
    at SMTPConnection.<anonymous> (/Users/varunchauhan/projects/VOLTIX/backend/node_modules/nodemailer/lib/smtp-connection/index.js:556:26)
    at SMTPConnection._processResponse (/Users/varunchauhan/projects/VOLTIX/backend/node_modules/nodemailer/lib/smtp-connection/index.js:993:20)
    at SMTPConnection._onData (/Users/varunchauhan/projects/VOLTIX/backend/node_modules/nodemailer/lib/smtp-connection/index.js:774:14)
    at SMTPConnection._onSocketData (/Users/varunchauhan/projects/VOLTIX/backend/node_modules/nodemailer/lib/smtp-connection/index.js:195:44)
    at TLSSocket.emit (node:events:519:28)
    at addChunk (node:internal/streams/readable:561:12)
    at readableAddChunkPushByteMode (node:internal/streams/readable:512:3)
    at Readable.push (node:internal/streams/readable:392:5) {
  code: 'EAUTH',
  response: '535-5.7.8 Username and Password not accepted. For more information, go to\n' +
    '535 5.7.8  https://support.google.com/mail/?p=BadCredentials d9443c01a7336-2a88b4c3db4sm80474195ad.50 - gsmtp',
  responseCode: 535,
  command: 'AUTH PLAIN'
}
Error: Vehicle make is required, Vehicle model is required, Vehicle year is required, Battery capacity is required, Vehicle registration number is required, "vehicle" is not allowed
    at validateUserSignUp (file:///Users/varunchauhan/projects/VOLTIX/backend/middlewares/validate.js:33:15)
    at Layer.handleRequest (/Users/varunchauhan/projects/VOLTIX/backend/node_modules/router/lib/layer.js:152:17)
    at next (/Users/varunchauhan/projects/VOLTIX/backend/node_modules/router/lib/route.js:157:13)
    at Route.dispatch (/Users/varunchauhan/projects/VOLTIX/backend/node_modules/router/lib/route.js:117:3)
    at handle (/Users/varunchauhan/projects/VOLTIX/backend/node_modules/router/index.js:435:11)
    at Layer.handleRequest (/Users/varunchauhan/projects/VOLTIX/backend/node_modules/router/lib/layer.js:152:17)
    at /Users/varunchauhan/projects/VOLTIX/backend/node_modules/router/index.js:295:15
    at processParams (/Users/varunchauhan/projects/VOLTIX/backend/node_modules/router/index.js:582:12)
    at next (/Users/varunchauhan/projects/VOLTIX/backend/node_modules/router/index.js:291:5)
    at Function.handle (/Users/varunchauhan/projects/VOLTIX/backend/node_modules/router/index.js:186:3)
